birthday-reminder-1/app/build/outputs/logs/manifest-merger-debug-report.txt
-- Merging decision tree log ---
manifest
ADDED from src/main/AndroidManifest.xml:2:1-18:12
	xmlns:android
		ADDED from src/main/AndroidManifest.xml:2:11-69
	package
		ADDED from src/main/AndroidManifest.xml:3:11-52
		INJECTED from src/main/AndroidManifest.xml
		INJECTED from src/main/AndroidManifest.xml
	android:versionName
		ADDED from src/main/AndroidManifest.xml:5:11-36
		INJECTED from src/main/AndroidManifest.xml
		INJECTED from src/main/AndroidManifest.xml
	android:versionCode
		ADDED from src/main/AndroidManifest.xml:4:11-34
		INJECTED from src/main/AndroidManifest.xml
		INJECTED from src/main/AndroidManifest.xml
uses-sdk
ADDED from src/main/AndroidManifest.xml:6:5-72
	android:targetSdkVersion
		ADDED from src/main/AndroidManifest.xml:6:41-70
	android:minSdkVersion
		ADDED from src/main/AndroidManifest.xml:6:15-40
		INJECTED from src/main/AndroidManifest.xml
		INJECTED from src/main/AndroidManifest.xml
uses-permission#android.permission.READ_CONTACTS
ADDED from src/main/AndroidManifest.xml:7:5-71
	android:name
		ADDED from src/main/AndroidManifest.xml:7:22-69
application
ADDED from src/main/AndroidManifest.xml:8:5-17:19
	android:label
		ADDED from src/main/AndroidManifest.xml:8:18-50
	android:icon
		ADDED from src/main/AndroidManifest.xml:8:51-87
activity#no.hnilsen.android.bdayreminder.MainActivity
ADDED from src/main/AndroidManifest.xml:9:9-15:20
	android:label
		ADDED from src/main/AndroidManifest.xml:10:19-51
	android:name
		ADDED from src/main/AndroidManifest.xml:9:19-46
intent-filter#android.intent.action.MAIN+android.intent.category.LAUNCHER
ADDED from src/main/AndroidManifest.xml:11:13-14:29
action#android.intent.action.MAIN
ADDED from src/main/AndroidManifest.xml:12:17-68
	android:name
		ADDED from src/main/AndroidManifest.xml:12:25-66
category#android.intent.category.LAUNCHER
ADDED from src/main/AndroidManifest.xml:13:17-76
	android:name
		ADDED from src/main/AndroidManifest.xml:13:27-74
service#no.hnilsen.android.bdayreminder.service.BirthdayReminderService
ADDED from src/main/AndroidManifest.xml:16:9-68
	android:name
		ADDED from src/main/AndroidManifest.xml:16:18-65